#-----------------------------------------------------------
# Vivado v2019.2 (64-bit)
# SW Build 2708876 on Wed Nov  6 21:39:14 MST 2019
# IP Build 2700528 on Thu Nov  7 00:09:20 MST 2019
# Start of session at: Fri Jun 19 17:06:53 2020
# Process ID: 14810
# Current directory: /home/heckgui/git/orca-mpsoc/vivado
# Command line: vivado
# Log file: /home/heckgui/git/orca-mpsoc/vivado/vivado.log
# Journal file: /home/heckgui/git/orca-mpsoc/vivado/vivado.jou
#-----------------------------------------------------------
start_gui
open_project /home/heckgui/git/orca-mpsoc/vivado/zynqberry/zynqberry.xpr
Scanning sources...
Finished scanning sources
INFO: [IP_Flow 19-234] Refreshing IP repositories
INFO: [IP_Flow 19-1704] No user IP repositories specified
INFO: [IP_Flow 19-2313] Loaded Vivado IP repository '/soft64/xilinx/ferramentas/Vivado/2019.2/Vivado/2019.2/data/ip'.
open_project: Time (s): cpu = 00:00:12 ; elapsed = 00:00:08 . Memory (MB): peak = 6663.039 ; gain = 181.715 ; free physical = 5720 ; free virtual = 14533
update_compile_order -fileset sources_1
synth_design -rtl -name rtl_1
Command: synth_design -rtl -name rtl_1
Starting synth_design
Using part: xc7z010clg225-1
Top: orca_top_v2
INFO: [Device 21-403] Loading part xc7z010clg225-1
---------------------------------------------------------------------------------
Starting RTL Elaboration : Time (s): cpu = 00:00:04 ; elapsed = 00:00:05 . Memory (MB): peak = 7072.680 ; gain = 201.109 ; free physical = 5012 ; free virtual = 14133
---------------------------------------------------------------------------------
INFO: [Synth 8-638] synthesizing module 'orca_top_v2' [/home/heckgui/git/orca-mpsoc/rtl/orca-top-v2.vhd:26]
INFO: [Synth 8-638] synthesizing module 'RouterCC' [/home/heckgui/git/orca-mpsoc/rtl/routers/hermes/RouterCC.vhd:74]
	Parameter address bound to: 16'b0000000000000000 
INFO: [Synth 8-638] synthesizing module 'Hermes_buffer' [/home/heckgui/git/orca-mpsoc/rtl/routers/hermes/Hermes_buffer.vhd:64]
INFO: [Synth 8-256] done synthesizing module 'Hermes_buffer' (1#1) [/home/heckgui/git/orca-mpsoc/rtl/routers/hermes/Hermes_buffer.vhd:64]
INFO: [Synth 8-638] synthesizing module 'SwitchControl' [/home/heckgui/git/orca-mpsoc/rtl/routers/hermes/Hermes_switchcontrol.vhd:35]
INFO: [Synth 8-226] default block is never used [/home/heckgui/git/orca-mpsoc/rtl/orca_defaults.vhd:170]
INFO: [Synth 8-226] default block is never used [/home/heckgui/git/orca-mpsoc/rtl/orca_defaults.vhd:170]
INFO: [Synth 8-226] default block is never used [/home/heckgui/git/orca-mpsoc/rtl/orca_defaults.vhd:170]
INFO: [Synth 8-256] done synthesizing module 'SwitchControl' (2#1) [/home/heckgui/git/orca-mpsoc/rtl/routers/hermes/Hermes_switchcontrol.vhd:35]
INFO: [Synth 8-638] synthesizing module 'Hermes_crossbar' [/home/heckgui/git/orca-mpsoc/rtl/routers/hermes/Hermes_crossbar.vhd:46]
INFO: [Synth 8-256] done synthesizing module 'Hermes_crossbar' (3#1) [/home/heckgui/git/orca-mpsoc/rtl/routers/hermes/Hermes_crossbar.vhd:46]
INFO: [Synth 8-256] done synthesizing module 'RouterCC' (4#1) [/home/heckgui/git/orca-mpsoc/rtl/routers/hermes/RouterCC.vhd:74]
INFO: [Synth 8-638] synthesizing module 'orca_processing_tile' [/home/heckgui/git/orca-mpsoc/rtl/orca-tile-proc.vhd:35]
	Parameter R_ADDRESS bound to: 16'b0000000100000000 
INFO: [Synth 8-638] synthesizing module 'processor' [/home/heckgui/git/orca-mpsoc/rtl/processors/hfriscv-2020/cpu.vhd:24]
INFO: [Synth 8-638] synthesizing module 'datapath' [/home/heckgui/git/orca-mpsoc/rtl/processors/hfriscv-2020/datapath.vhd:27]
INFO: [Synth 8-638] synthesizing module 'control' [/home/heckgui/git/orca-mpsoc/rtl/processors/hfriscv-2020/control.vhd:41]
INFO: [Synth 8-226] default block is never used [/home/heckgui/git/orca-mpsoc/rtl/processors/hfriscv-2020/control.vhd:266]
INFO: [Synth 8-226] default block is never used [/home/heckgui/git/orca-mpsoc/rtl/processors/hfriscv-2020/control.vhd:382]
INFO: [Synth 8-256] done synthesizing module 'control' (5#1) [/home/heckgui/git/orca-mpsoc/rtl/processors/hfriscv-2020/control.vhd:41]
INFO: [Synth 8-638] synthesizing module 'reg_bank' [/home/heckgui/git/orca-mpsoc/rtl/processors/hfriscv-2020/reg_bank.vhd:17]
INFO: [Synth 8-256] done synthesizing module 'reg_bank' (6#1) [/home/heckgui/git/orca-mpsoc/rtl/processors/hfriscv-2020/reg_bank.vhd:17]
INFO: [Synth 8-638] synthesizing module 'alu' [/home/heckgui/git/orca-mpsoc/rtl/processors/hfriscv-2020/alu.vhd:15]
INFO: [Synth 8-638] synthesizing module 'bshift' [/home/heckgui/git/orca-mpsoc/rtl/processors/hfriscv-2020/bshifter.vhd:13]
INFO: [Synth 8-256] done synthesizing module 'bshift' (7#1) [/home/heckgui/git/orca-mpsoc/rtl/processors/hfriscv-2020/bshifter.vhd:13]
INFO: [Synth 8-256] done synthesizing module 'alu' (8#1) [/home/heckgui/git/orca-mpsoc/rtl/processors/hfriscv-2020/alu.vhd:15]
INFO: [Synth 8-256] done synthesizing module 'datapath' (9#1) [/home/heckgui/git/orca-mpsoc/rtl/processors/hfriscv-2020/datapath.vhd:27]
INFO: [Synth 8-638] synthesizing module 'interrupt_controller' [/home/heckgui/git/orca-mpsoc/rtl/processors/hfriscv-2020/int_control.vhd:32]
INFO: [Synth 8-256] done synthesizing module 'interrupt_controller' (10#1) [/home/heckgui/git/orca-mpsoc/rtl/processors/hfriscv-2020/int_control.vhd:32]
INFO: [Synth 8-256] done synthesizing module 'processor' (11#1) [/home/heckgui/git/orca-mpsoc/rtl/processors/hfriscv-2020/cpu.vhd:24]
INFO: [Synth 8-638] synthesizing module 'peripherals' [/home/heckgui/git/orca-mpsoc/rtl/orca-minimal-soc.vhd:42]
INFO: [Synth 8-256] done synthesizing module 'peripherals' (12#1) [/home/heckgui/git/orca-mpsoc/rtl/orca-minimal-soc.vhd:42]
INFO: [Synth 8-638] synthesizing module 'RouterCC__parameterized0' [/home/heckgui/git/orca-mpsoc/rtl/routers/hermes/RouterCC.vhd:74]
	Parameter address bound to: 16'b0000000100000000 
INFO: [Synth 8-256] done synthesizing module 'RouterCC__parameterized0' (12#1) [/home/heckgui/git/orca-mpsoc/rtl/routers/hermes/RouterCC.vhd:74]
INFO: [Synth 8-638] synthesizing module 'single_port_ram' [/home/heckgui/git/orca-mpsoc/rtl/storage/single-port-ram-orca/single_port_ram.vhd:48]
	Parameter RAM_WIDTH_I bound to: 32 - type: integer 
	Parameter RAM_DEPTH_I bound to: 16386 - type: integer 
INFO: [Synth 8-256] done synthesizing module 'single_port_ram' (13#1) [/home/heckgui/git/orca-mpsoc/rtl/storage/single-port-ram-orca/single_port_ram.vhd:48]
INFO: [Synth 8-638] synthesizing module 'orca_ni_top' [/home/heckgui/git/orca-mpsoc/rtl/network-interfaces/orca-ni/orca-ni-top.vhd:47]
INFO: [Synth 8-638] synthesizing module 'orca_ni_send' [/home/heckgui/git/orca-mpsoc/rtl/network-interfaces/orca-ni/orca-ni-send.vhd:35]
INFO: [Synth 8-256] done synthesizing module 'orca_ni_send' (14#1) [/home/heckgui/git/orca-mpsoc/rtl/network-interfaces/orca-ni/orca-ni-send.vhd:35]
INFO: [Synth 8-638] synthesizing module 'orca_ni_recv' [/home/heckgui/git/orca-mpsoc/rtl/network-interfaces/orca-ni/orca-ni-recv.vhd:40]
INFO: [Synth 8-638] synthesizing module 'single_port_ram__parameterized0' [/home/heckgui/git/orca-mpsoc/rtl/storage/single-port-ram-orca/single_port_ram.vhd:48]
	Parameter RAM_WIDTH_I bound to: 32 - type: integer 
	Parameter RAM_DEPTH_I bound to: 64 - type: integer 
INFO: [Synth 8-256] done synthesizing module 'single_port_ram__parameterized0' (14#1) [/home/heckgui/git/orca-mpsoc/rtl/storage/single-port-ram-orca/single_port_ram.vhd:48]
INFO: [Synth 8-256] done synthesizing module 'orca_ni_recv' (15#1) [/home/heckgui/git/orca-mpsoc/rtl/network-interfaces/orca-ni/orca-ni-recv.vhd:40]
INFO: [Synth 8-256] done synthesizing module 'orca_ni_top' (16#1) [/home/heckgui/git/orca-mpsoc/rtl/network-interfaces/orca-ni/orca-ni-top.vhd:47]
WARNING: [Synth 8-3848] Net dummy_gpioa_in in module/entity orca_processing_tile does not have driver. [/home/heckgui/git/orca-mpsoc/rtl/orca-tile-proc.vhd:104]
INFO: [Synth 8-256] done synthesizing module 'orca_processing_tile' (17#1) [/home/heckgui/git/orca-mpsoc/rtl/orca-tile-proc.vhd:35]
INFO: [Synth 8-638] synthesizing module 'orca_processing_tile__parameterized0' [/home/heckgui/git/orca-mpsoc/rtl/orca-tile-proc.vhd:35]
	Parameter R_ADDRESS bound to: 16'b0000001000000000 
INFO: [Synth 8-638] synthesizing module 'RouterCC__parameterized1' [/home/heckgui/git/orca-mpsoc/rtl/routers/hermes/RouterCC.vhd:74]
	Parameter address bound to: 16'b0000001000000000 
INFO: [Synth 8-256] done synthesizing module 'RouterCC__parameterized1' (17#1) [/home/heckgui/git/orca-mpsoc/rtl/routers/hermes/RouterCC.vhd:74]
WARNING: [Synth 8-3848] Net dummy_gpioa_in in module/entity orca_processing_tile__parameterized0 does not have driver. [/home/heckgui/git/orca-mpsoc/rtl/orca-tile-proc.vhd:104]
INFO: [Synth 8-256] done synthesizing module 'orca_processing_tile__parameterized0' (17#1) [/home/heckgui/git/orca-mpsoc/rtl/orca-tile-proc.vhd:35]
INFO: [Synth 8-256] done synthesizing module 'orca_top_v2' (18#1) [/home/heckgui/git/orca-mpsoc/rtl/orca-top-v2.vhd:26]
WARNING: [Synth 8-3331] design single_port_ram__parameterized0 has unconnected port rst
WARNING: [Synth 8-3331] design single_port_ram__parameterized0 has unconnected port addr_i[31]
WARNING: [Synth 8-3331] design single_port_ram__parameterized0 has unconnected port addr_i[30]
WARNING: [Synth 8-3331] design single_port_ram__parameterized0 has unconnected port addr_i[29]
WARNING: [Synth 8-3331] design single_port_ram__parameterized0 has unconnected port addr_i[28]
WARNING: [Synth 8-3331] design single_port_ram__parameterized0 has unconnected port addr_i[27]
WARNING: [Synth 8-3331] design single_port_ram__parameterized0 has unconnected port addr_i[26]
WARNING: [Synth 8-3331] design single_port_ram__parameterized0 has unconnected port addr_i[25]
WARNING: [Synth 8-3331] design single_port_ram__parameterized0 has unconnected port addr_i[24]
WARNING: [Synth 8-3331] design single_port_ram__parameterized0 has unconnected port addr_i[23]
WARNING: [Synth 8-3331] design single_port_ram__parameterized0 has unconnected port addr_i[22]
WARNING: [Synth 8-3331] design single_port_ram__parameterized0 has unconnected port addr_i[21]
WARNING: [Synth 8-3331] design single_port_ram__parameterized0 has unconnected port addr_i[20]
WARNING: [Synth 8-3331] design single_port_ram__parameterized0 has unconnected port addr_i[19]
WARNING: [Synth 8-3331] design single_port_ram__parameterized0 has unconnected port addr_i[18]
WARNING: [Synth 8-3331] design single_port_ram__parameterized0 has unconnected port addr_i[17]
WARNING: [Synth 8-3331] design single_port_ram__parameterized0 has unconnected port addr_i[16]
WARNING: [Synth 8-3331] design single_port_ram__parameterized0 has unconnected port addr_i[15]
WARNING: [Synth 8-3331] design single_port_ram__parameterized0 has unconnected port addr_i[14]
WARNING: [Synth 8-3331] design single_port_ram__parameterized0 has unconnected port addr_i[13]
WARNING: [Synth 8-3331] design single_port_ram__parameterized0 has unconnected port addr_i[12]
WARNING: [Synth 8-3331] design single_port_ram__parameterized0 has unconnected port addr_i[11]
WARNING: [Synth 8-3331] design single_port_ram__parameterized0 has unconnected port addr_i[10]
WARNING: [Synth 8-3331] design single_port_ram__parameterized0 has unconnected port addr_i[9]
WARNING: [Synth 8-3331] design single_port_ram__parameterized0 has unconnected port addr_i[8]
WARNING: [Synth 8-3331] design single_port_ram__parameterized0 has unconnected port addr_i[7]
WARNING: [Synth 8-3331] design single_port_ram__parameterized0 has unconnected port addr_i[6]
WARNING: [Synth 8-3331] design orca_ni_recv has unconnected port r_clock_rx
WARNING: [Synth 8-3331] design single_port_ram has unconnected port rst
WARNING: [Synth 8-3331] design single_port_ram has unconnected port addr_i[31]
WARNING: [Synth 8-3331] design single_port_ram has unconnected port addr_i[30]
WARNING: [Synth 8-3331] design single_port_ram has unconnected port addr_i[29]
WARNING: [Synth 8-3331] design single_port_ram has unconnected port addr_i[28]
WARNING: [Synth 8-3331] design single_port_ram has unconnected port addr_i[27]
WARNING: [Synth 8-3331] design single_port_ram has unconnected port addr_i[26]
WARNING: [Synth 8-3331] design single_port_ram has unconnected port addr_i[25]
WARNING: [Synth 8-3331] design single_port_ram has unconnected port addr_i[24]
WARNING: [Synth 8-3331] design single_port_ram has unconnected port addr_i[23]
WARNING: [Synth 8-3331] design single_port_ram has unconnected port addr_i[22]
WARNING: [Synth 8-3331] design single_port_ram has unconnected port addr_i[21]
WARNING: [Synth 8-3331] design single_port_ram has unconnected port addr_i[20]
WARNING: [Synth 8-3331] design single_port_ram has unconnected port addr_i[19]
WARNING: [Synth 8-3331] design single_port_ram has unconnected port addr_i[18]
WARNING: [Synth 8-3331] design single_port_ram has unconnected port addr_i[17]
WARNING: [Synth 8-3331] design single_port_ram has unconnected port addr_i[16]
WARNING: [Synth 8-3331] design single_port_ram has unconnected port addr_i[15]
WARNING: [Synth 8-3331] design Hermes_crossbar has unconnected port sender[4]
WARNING: [Synth 8-3331] design Hermes_crossbar has unconnected port sender[3]
WARNING: [Synth 8-3331] design Hermes_crossbar has unconnected port sender[2]
WARNING: [Synth 8-3331] design Hermes_crossbar has unconnected port sender[1]
WARNING: [Synth 8-3331] design Hermes_crossbar has unconnected port sender[0]
WARNING: [Synth 8-3331] design SwitchControl has unconnected port data[4][31]
WARNING: [Synth 8-3331] design SwitchControl has unconnected port data[4][30]
WARNING: [Synth 8-3331] design SwitchControl has unconnected port data[4][29]
WARNING: [Synth 8-3331] design SwitchControl has unconnected port data[4][28]
WARNING: [Synth 8-3331] design SwitchControl has unconnected port data[4][27]
WARNING: [Synth 8-3331] design SwitchControl has unconnected port data[4][26]
WARNING: [Synth 8-3331] design SwitchControl has unconnected port data[4][25]
WARNING: [Synth 8-3331] design SwitchControl has unconnected port data[4][24]
WARNING: [Synth 8-3331] design SwitchControl has unconnected port data[4][23]
WARNING: [Synth 8-3331] design SwitchControl has unconnected port data[4][22]
WARNING: [Synth 8-3331] design SwitchControl has unconnected port data[4][21]
WARNING: [Synth 8-3331] design SwitchControl has unconnected port data[4][20]
WARNING: [Synth 8-3331] design SwitchControl has unconnected port data[4][19]
WARNING: [Synth 8-3331] design SwitchControl has unconnected port data[4][18]
WARNING: [Synth 8-3331] design SwitchControl has unconnected port data[4][17]
WARNING: [Synth 8-3331] design SwitchControl has unconnected port data[4][16]
WARNING: [Synth 8-3331] design SwitchControl has unconnected port data[3][31]
WARNING: [Synth 8-3331] design SwitchControl has unconnected port data[3][30]
WARNING: [Synth 8-3331] design SwitchControl has unconnected port data[3][29]
WARNING: [Synth 8-3331] design SwitchControl has unconnected port data[3][28]
WARNING: [Synth 8-3331] design SwitchControl has unconnected port data[3][27]
WARNING: [Synth 8-3331] design SwitchControl has unconnected port data[3][26]
WARNING: [Synth 8-3331] design SwitchControl has unconnected port data[3][25]
WARNING: [Synth 8-3331] design SwitchControl has unconnected port data[3][24]
WARNING: [Synth 8-3331] design SwitchControl has unconnected port data[3][23]
WARNING: [Synth 8-3331] design SwitchControl has unconnected port data[3][22]
WARNING: [Synth 8-3331] design SwitchControl has unconnected port data[3][21]
WARNING: [Synth 8-3331] design SwitchControl has unconnected port data[3][20]
WARNING: [Synth 8-3331] design SwitchControl has unconnected port data[3][19]
WARNING: [Synth 8-3331] design SwitchControl has unconnected port data[3][18]
WARNING: [Synth 8-3331] design SwitchControl has unconnected port data[3][17]
WARNING: [Synth 8-3331] design SwitchControl has unconnected port data[3][16]
WARNING: [Synth 8-3331] design SwitchControl has unconnected port data[2][31]
WARNING: [Synth 8-3331] design SwitchControl has unconnected port data[2][30]
WARNING: [Synth 8-3331] design SwitchControl has unconnected port data[2][29]
WARNING: [Synth 8-3331] design SwitchControl has unconnected port data[2][28]
WARNING: [Synth 8-3331] design SwitchControl has unconnected port data[2][27]
WARNING: [Synth 8-3331] design SwitchControl has unconnected port data[2][26]
WARNING: [Synth 8-3331] design SwitchControl has unconnected port data[2][25]
WARNING: [Synth 8-3331] design SwitchControl has unconnected port data[2][24]
WARNING: [Synth 8-3331] design SwitchControl has unconnected port data[2][23]
WARNING: [Synth 8-3331] design SwitchControl has unconnected port data[2][22]
WARNING: [Synth 8-3331] design SwitchControl has unconnected port data[2][21]
WARNING: [Synth 8-3331] design SwitchControl has unconnected port data[2][20]
WARNING: [Synth 8-3331] design SwitchControl has unconnected port data[2][19]
WARNING: [Synth 8-3331] design SwitchControl has unconnected port data[2][18]
WARNING: [Synth 8-3331] design SwitchControl has unconnected port data[2][17]
WARNING: [Synth 8-3331] design SwitchControl has unconnected port data[2][16]
WARNING: [Synth 8-3331] design SwitchControl has unconnected port data[1][31]
INFO: [Common 17-14] Message 'Synth 8-3331' appears 100 times and further instances of the messages will be disabled. Use the Tcl command set_msg_config to change the current settings.
---------------------------------------------------------------------------------
Finished RTL Elaboration : Time (s): cpu = 00:00:05 ; elapsed = 00:00:07 . Memory (MB): peak = 7133.656 ; gain = 262.086 ; free physical = 5030 ; free virtual = 14160
---------------------------------------------------------------------------------

Report Check Netlist: 
+------+------------------+-------+---------+-------+------------------+
|      |Item              |Errors |Warnings |Status |Description       |
+------+------------------+-------+---------+-------+------------------+
|1     |multi_driven_nets |      0|        0|Passed |Multi driven nets |
+------+------------------+-------+---------+-------+------------------+
---------------------------------------------------------------------------------
Start Handling Custom Attributes
---------------------------------------------------------------------------------
---------------------------------------------------------------------------------
Finished Handling Custom Attributes : Time (s): cpu = 00:00:06 ; elapsed = 00:00:07 . Memory (MB): peak = 7145.531 ; gain = 273.961 ; free physical = 5027 ; free virtual = 14159
---------------------------------------------------------------------------------
---------------------------------------------------------------------------------
Finished RTL Optimization Phase 1 : Time (s): cpu = 00:00:06 ; elapsed = 00:00:07 . Memory (MB): peak = 7145.531 ; gain = 273.961 ; free physical = 5027 ; free virtual = 14159
---------------------------------------------------------------------------------
Netlist sorting complete. Time (s): cpu = 00:00:00.09 ; elapsed = 00:00:00.09 . Memory (MB): peak = 7145.531 ; gain = 0.000 ; free physical = 5016 ; free virtual = 14150
INFO: [Project 1-570] Preparing netlist for logic optimization
INFO: [Opt 31-141] Inserted 1 OBUFs to IO ports without IO buffers.

Processing XDC Constraints
Initializing timing engine
Completed Processing XDC Constraints

INFO: [Opt 31-140] Inserted 1 IBUFs to IO ports without IO buffers.
INFO: [Opt 31-138] Pushed 0 inverter(s) to 0 load pin(s).
Netlist sorting complete. Time (s): cpu = 00:00:00 ; elapsed = 00:00:00 . Memory (MB): peak = 7305.375 ; gain = 0.000 ; free physical = 4927 ; free virtual = 14067
INFO: [Project 1-111] Unisim Transformation Summary:
No Unisim elements were transformed.

RTL Elaboration Complete:  : Time (s): cpu = 00:00:17 ; elapsed = 00:00:12 . Memory (MB): peak = 7363.402 ; gain = 491.832 ; free physical = 4825 ; free virtual = 13980
56 Infos, 102 Warnings, 0 Critical Warnings and 0 Errors encountered.
synth_design completed successfully
synth_design: Time (s): cpu = 00:00:23 ; elapsed = 00:01:00 . Memory (MB): peak = 7363.402 ; gain = 642.312 ; free physical = 4825 ; free virtual = 13980
reset_run synth_1
launch_runs synth_1 -jobs 6
[Fri Jun 19 17:11:03 2020] Launched synth_1...
Run output will be captured here: /home/heckgui/git/orca-mpsoc/vivado/zynqberry/zynqberry.runs/synth_1/runme.log
launch_runs: Time (s): cpu = 00:00:05 ; elapsed = 00:01:00 . Memory (MB): peak = 7363.402 ; gain = 0.000 ; free physical = 3850 ; free virtual = 13090
launch_runs impl_1 -jobs 6
[Fri Jun 19 17:14:04 2020] Launched impl_1...
Run output will be captured here: /home/heckgui/git/orca-mpsoc/vivado/zynqberry/zynqberry.runs/impl_1/runme.log
launch_runs: Time (s): cpu = 00:00:03 ; elapsed = 00:01:00 . Memory (MB): peak = 7363.402 ; gain = 0.000 ; free physical = 4124 ; free virtual = 13371
WARNING: [IP_Flow 19-3899] Cannot get the environment domain name variable for the component vendor name. Setting the vendor name to 'user.org'.
set_property ADV_USEFUL_SKEW 1 [get_cells clk_IBUF_inst]
ERROR: [Common 17-69] Command failed: ADV_USEFUL_SKEW can not be set 'true' from TCL, only false (to clear the value set by route_design).
exit
INFO: [Common 17-206] Exiting Vivado at Fri Jun 19 17:38:56 2020...
